Logfile initialized
[INFO] logfile = /Users/Nanofied/Desktop/Projects/Nano/build.log
[DEBUG] /Users/Nanofied/Library/Application Support/Titanium/mobilesdk/osx/1.7.3/android/builder.py simulator Nano /Volumes/Nanofied/Android /Users/Nanofied/Desktop/Projects/Nano com.nanofied.nano 7 WVGA800 
[INFO] Building Nano for Android ... one moment
[INFO] Titanium SDK version: 1.7.3 (10/17/11 13:44 dcf4257)
[DEBUG] Waiting for device to be ready ...
[TRACE] adb devices returned 1 devices/emulators
[DEBUG] Device connected... (waited 0 seconds)
[DEBUG] waited 0.015795 seconds on emulator to get ready
[DEBUG] com.nanofied.nano installed? True
[INFO] Fastdev server running, deploying in Fastdev mode
[INFO] Copying project resources..
[TRACE] COPYING MODIFIED FILE: /Users/Nanofied/Desktop/Projects/Nano/Resources/app.js => /Users/Nanofied/Desktop/Projects/Nano/build/android/bin/assets/Resources/app.js
[TRACE] COPYING CREATED FILE: /Users/Nanofied/Desktop/Projects/Nano/Resources/ui/config.js => /Users/Nanofied/Desktop/Projects/Nano/build/android/bin/assets/Resources/ui/config.js
[TRACE] COPYING CREATED FILE: /Users/Nanofied/Desktop/Projects/Nano/Resources/ui/init.js => /Users/Nanofied/Desktop/Projects/Nano/build/android/bin/assets/Resources/ui/init.js
[TRACE] COPYING CREATED FILE: /Users/Nanofied/Desktop/Projects/Nano/Resources/ui/nav.js => /Users/Nanofied/Desktop/Projects/Nano/build/android/bin/assets/Resources/ui/nav.js
[TRACE] COPYING CREATED FILE: /Users/Nanofied/Desktop/Projects/Nano/Resources/ui/top.js => /Users/Nanofied/Desktop/Projects/Nano/build/android/bin/assets/Resources/ui/top.js
[INFO] Tiapp.xml unchanged, skipping class generation
[DEBUG] Processing Android resource drawables
[DEBUG] found drawable-long-land-hdpi splash screen at /Users/Nanofied/Desktop/Projects/Nano/Resources/android/images/res-long-land-hdpi/default.png
[DEBUG] found drawable-long-land-ldpi splash screen at /Users/Nanofied/Desktop/Projects/Nano/Resources/android/images/res-long-land-ldpi/default.png
[DEBUG] found drawable-long-port-hdpi splash screen at /Users/Nanofied/Desktop/Projects/Nano/Resources/android/images/res-long-port-hdpi/default.png
[DEBUG] found drawable-long-port-ldpi splash screen at /Users/Nanofied/Desktop/Projects/Nano/Resources/android/images/res-long-port-ldpi/default.png
[DEBUG] found drawable-notlong-land-hdpi splash screen at /Users/Nanofied/Desktop/Projects/Nano/Resources/android/images/res-notlong-land-hdpi/default.png
[DEBUG] found drawable-notlong-land-ldpi splash screen at /Users/Nanofied/Desktop/Projects/Nano/Resources/android/images/res-notlong-land-ldpi/default.png
[DEBUG] found drawable-notlong-land-mdpi splash screen at /Users/Nanofied/Desktop/Projects/Nano/Resources/android/images/res-notlong-land-mdpi/default.png
[DEBUG] found drawable-notlong-port-hdpi splash screen at /Users/Nanofied/Desktop/Projects/Nano/Resources/android/images/res-notlong-port-hdpi/default.png
[DEBUG] found drawable-notlong-port-ldpi splash screen at /Users/Nanofied/Desktop/Projects/Nano/Resources/android/images/res-notlong-port-ldpi/default.png
[DEBUG] found drawable-notlong-port-mdpi splash screen at /Users/Nanofied/Desktop/Projects/Nano/Resources/android/images/res-notlong-port-mdpi/default.png
[INFO] Waiting for SDCard to become available..
[INFO] Re-launching application ... Nano
[INFO] Launching application ... Nano
[TRACE] Launch output: Starting: Intent { act=android.intent.action.MAIN cat=[android.intent.category.LAUNCHER] cmp=com.nanofied.nano/.NanoActivity }

[INFO] Android Emulator has exited
